Checking whether C++ compiler has '__int64' failed to compile with the following output:
Change Dir: '/Users/anaruiz/Desktop/csci104/hws/hw3/hw3_tests/testing_utils/kwsys/CMakeFiles/CMakeTmp'

Run Build Command(s): /opt/homebrew/bin/cmake -E env VERBOSE=1 /usr/bin/make -f Makefile cmTC_fa2f0/fast
/Library/Developer/CommandLineTools/usr/bin/make  -f CMakeFiles/cmTC_fa2f0.dir/build.make CMakeFiles/cmTC_fa2f0.dir/build
Building CXX object CMakeFiles/cmTC_fa2f0.dir/kwsysPlatformTestsCXX.cxx.o
/Library/Developer/CommandLineTools/usr/bin/c++ -DTEST_KWSYS_CXX_HAS___INT64  -Wall  -arch arm64 -isysroot /Library/Developer/CommandLineTools/SDKs/MacOSX15.2.sdk -MD -MT CMakeFiles/cmTC_fa2f0.dir/kwsysPlatformTestsCXX.cxx.o -MF CMakeFiles/cmTC_fa2f0.dir/kwsysPlatformTestsCXX.cxx.o.d -o CMakeFiles/cmTC_fa2f0.dir/kwsysPlatformTestsCXX.cxx.o -c /Users/anaruiz/Desktop/csci104/hws/hw3/hw3_tests/testing_utils/kwsys/kwsysPlatformTestsCXX.cxx
/Users/anaruiz/Desktop/csci104/hws/hw3/hw3_tests/testing_utils/kwsys/kwsysPlatformTestsCXX.cxx:24:1: error: unknown type name '__int64'
   24 | __int64 f(__int64 n)
      | ^
/Users/anaruiz/Desktop/csci104/hws/hw3/hw3_tests/testing_utils/kwsys/kwsysPlatformTestsCXX.cxx:24:11: error: unknown type name '__int64'
   24 | __int64 f(__int64 n)
      |           ^
/Users/anaruiz/Desktop/csci104/hws/hw3/hw3_tests/testing_utils/kwsys/kwsysPlatformTestsCXX.cxx:30:3: error: unknown type name '__int64'
   30 |   __int64 n = 0;
      |   ^
3 errors generated.
make[1]: *** [CMakeFiles/cmTC_fa2f0.dir/kwsysPlatformTestsCXX.cxx.o] Error 1
make: *** [cmTC_fa2f0/fast] Error 2



Checking whether CXX compiler has environ in stdlib.h failed to compile with the following output:
Change Dir: '/Users/anaruiz/Desktop/csci104/hws/hw3/hw3_tests/testing_utils/kwsys/CMakeFiles/CMakeTmp'

Run Build Command(s): /opt/homebrew/bin/cmake -E env VERBOSE=1 /usr/bin/make -f Makefile cmTC_ebc3a/fast
/Library/Developer/CommandLineTools/usr/bin/make  -f CMakeFiles/cmTC_ebc3a.dir/build.make CMakeFiles/cmTC_ebc3a.dir/build
Building CXX object CMakeFiles/cmTC_ebc3a.dir/kwsysPlatformTestsCXX.cxx.o
/Library/Developer/CommandLineTools/usr/bin/c++ -DTEST_KWSYS_CXX_HAS_ENVIRON_IN_STDLIB_H  -Wall  -arch arm64 -isysroot /Library/Developer/CommandLineTools/SDKs/MacOSX15.2.sdk -MD -MT CMakeFiles/cmTC_ebc3a.dir/kwsysPlatformTestsCXX.cxx.o -MF CMakeFiles/cmTC_ebc3a.dir/kwsysPlatformTestsCXX.cxx.o.d -o CMakeFiles/cmTC_ebc3a.dir/kwsysPlatformTestsCXX.cxx.o -c /Users/anaruiz/Desktop/csci104/hws/hw3/hw3_tests/testing_utils/kwsys/kwsysPlatformTestsCXX.cxx
/Users/anaruiz/Desktop/csci104/hws/hw3/hw3_tests/testing_utils/kwsys/kwsysPlatformTestsCXX.cxx:196:13: error: use of undeclared identifier 'environ'
  196 |   char* e = environ[0];
      |             ^
1 error generated.
make[1]: *** [CMakeFiles/cmTC_ebc3a.dir/kwsysPlatformTestsCXX.cxx.o] Error 1
make: *** [cmTC_ebc3a/fast] Error 2



Checking whether CXX compiler struct stat has st_mtim member failed to compile with the following output:
Change Dir: '/Users/anaruiz/Desktop/csci104/hws/hw3/hw3_tests/testing_utils/kwsys/CMakeFiles/CMakeTmp'

Run Build Command(s): /opt/homebrew/bin/cmake -E env VERBOSE=1 /usr/bin/make -f Makefile cmTC_9a9b7/fast
/Library/Developer/CommandLineTools/usr/bin/make  -f CMakeFiles/cmTC_9a9b7.dir/build.make CMakeFiles/cmTC_9a9b7.dir/build
Building CXX object CMakeFiles/cmTC_9a9b7.dir/kwsysPlatformTestsCXX.cxx.o
/Library/Developer/CommandLineTools/usr/bin/c++ -DTEST_KWSYS_CXX_STAT_HAS_ST_MTIM  -Wall  -arch arm64 -isysroot /Library/Developer/CommandLineTools/SDKs/MacOSX15.2.sdk -MD -MT CMakeFiles/cmTC_9a9b7.dir/kwsysPlatformTestsCXX.cxx.o -MF CMakeFiles/cmTC_9a9b7.dir/kwsysPlatformTestsCXX.cxx.o.d -o CMakeFiles/cmTC_9a9b7.dir/kwsysPlatformTestsCXX.cxx.o -c /Users/anaruiz/Desktop/csci104/hws/hw3/hw3_tests/testing_utils/kwsys/kwsysPlatformTestsCXX.cxx
/Users/anaruiz/Desktop/csci104/hws/hw3/hw3_tests/testing_utils/kwsys/kwsysPlatformTestsCXX.cxx:43:15: error: no member named 'st_mtim' in 'stat'
   43 |   (void)stat1.st_mtim.tv_sec;
      |         ~~~~~ ^
/Users/anaruiz/Desktop/csci104/hws/hw3/hw3_tests/testing_utils/kwsys/kwsysPlatformTestsCXX.cxx:44:15: error: no member named 'st_mtim' in 'stat'
   44 |   (void)stat1.st_mtim.tv_nsec;
      |         ~~~~~ ^
2 errors generated.
make[1]: *** [CMakeFiles/cmTC_9a9b7.dir/kwsysPlatformTestsCXX.cxx.o] Error 1
make: *** [cmTC_9a9b7/fast] Error 2



Checking whether <ext/stdio_filebuf.h> is available failed to compile with the following output:
Change Dir: '/Users/anaruiz/Desktop/csci104/hws/hw3/hw3_tests/testing_utils/kwsys/CMakeFiles/CMakeTmp'

Run Build Command(s): /opt/homebrew/bin/cmake -E env VERBOSE=1 /usr/bin/make -f Makefile cmTC_526a7/fast
/Library/Developer/CommandLineTools/usr/bin/make  -f CMakeFiles/cmTC_526a7.dir/build.make CMakeFiles/cmTC_526a7.dir/build
Building CXX object CMakeFiles/cmTC_526a7.dir/kwsysPlatformTestsCXX.cxx.o
/Library/Developer/CommandLineTools/usr/bin/c++ -DTEST_KWSYS_CXX_HAS_EXT_STDIO_FILEBUF_H  -Wall  -arch arm64 -isysroot /Library/Developer/CommandLineTools/SDKs/MacOSX15.2.sdk -MD -MT CMakeFiles/cmTC_526a7.dir/kwsysPlatformTestsCXX.cxx.o -MF CMakeFiles/cmTC_526a7.dir/kwsysPlatformTestsCXX.cxx.o.d -o CMakeFiles/cmTC_526a7.dir/kwsysPlatformTestsCXX.cxx.o -c /Users/anaruiz/Desktop/csci104/hws/hw3/hw3_tests/testing_utils/kwsys/kwsysPlatformTestsCXX.cxx
/Users/anaruiz/Desktop/csci104/hws/hw3/hw3_tests/testing_utils/kwsys/kwsysPlatformTestsCXX.cxx:372:12: fatal error: 'ext/stdio_filebuf.h' file not found
  372 | #  include <ext/stdio_filebuf.h>
      |            ^~~~~~~~~~~~~~~~~~~~~
1 error generated.
make[1]: *** [CMakeFiles/cmTC_526a7.dir/kwsysPlatformTestsCXX.cxx.o] Error 1
make: *** [cmTC_526a7/fast] Error 2



Determining if the pthread_create exist failed with the following output:
Change Dir: /home/codio/workspace/hw3/hw3/hw3_tests/CMakeFiles/CMakeTmp

Run Build Command:"/usr/bin/make" "cmTC_9707c/fast"
/usr/bin/make -f CMakeFiles/cmTC_9707c.dir/build.make CMakeFiles/cmTC_9707c.dir/build
make[1]: Entering directory '/home/codio/workspace/hw3/hw3/hw3_tests/CMakeFiles/CMakeTmp'
Building C object CMakeFiles/cmTC_9707c.dir/CheckSymbolExists.c.o
/usr/bin/cc    -o CMakeFiles/cmTC_9707c.dir/CheckSymbolExists.c.o   -c /home/codio/workspace/hw3/hw3/hw3_tests/CMakeFiles/CMakeTmp/CheckSymbolExists.c
Linking C executable cmTC_9707c
/usr/bin/cmake -E cmake_link_script CMakeFiles/cmTC_9707c.dir/link.txt --verbose=1
/usr/bin/cc      CMakeFiles/cmTC_9707c.dir/CheckSymbolExists.c.o  -o cmTC_9707c 
CMakeFiles/cmTC_9707c.dir/CheckSymbolExists.c.o: In function `main':
CheckSymbolExists.c:(.text+0x1b): undefined reference to `pthread_create'
collect2: error: ld returned 1 exit status
CMakeFiles/cmTC_9707c.dir/build.make:97: recipe for target 'cmTC_9707c' failed
make[1]: *** [cmTC_9707c] Error 1
make[1]: Leaving directory '/home/codio/workspace/hw3/hw3/hw3_tests/CMakeFiles/CMakeTmp'
Makefile:126: recipe for target 'cmTC_9707c/fast' failed
make: *** [cmTC_9707c/fast] Error 2

File /home/codio/workspace/hw3/hw3/hw3_tests/CMakeFiles/CMakeTmp/CheckSymbolExists.c:
/* */
#include <pthread.h>

int main(int argc, char** argv)
{
  (void)argv;
#ifndef pthread_create
  return ((int*)(&pthread_create))[argc];
#else
  (void)argc;
  return 0;
#endif
}

Determining if the function pthread_create exists in the pthreads failed with the following output:
Change Dir: /home/codio/workspace/hw3/hw3/hw3_tests/CMakeFiles/CMakeTmp

Run Build Command:"/usr/bin/make" "cmTC_2418f/fast"
/usr/bin/make -f CMakeFiles/cmTC_2418f.dir/build.make CMakeFiles/cmTC_2418f.dir/build
make[1]: Entering directory '/home/codio/workspace/hw3/hw3/hw3_tests/CMakeFiles/CMakeTmp'
Building C object CMakeFiles/cmTC_2418f.dir/CheckFunctionExists.c.o
/usr/bin/cc   -DCHECK_FUNCTION_EXISTS=pthread_create   -o CMakeFiles/cmTC_2418f.dir/CheckFunctionExists.c.o   -c /usr/share/cmake-3.10/Modules/CheckFunctionExists.c
Linking C executable cmTC_2418f
/usr/bin/cmake -E cmake_link_script CMakeFiles/cmTC_2418f.dir/link.txt --verbose=1
/usr/bin/cc  -DCHECK_FUNCTION_EXISTS=pthread_create    CMakeFiles/cmTC_2418f.dir/CheckFunctionExists.c.o  -o cmTC_2418f -lpthreads 
/usr/bin/ld: cannot find -lpthreads
collect2: error: ld returned 1 exit status
CMakeFiles/cmTC_2418f.dir/build.make:97: recipe for target 'cmTC_2418f' failed
make[1]: *** [cmTC_2418f] Error 1
make[1]: Leaving directory '/home/codio/workspace/hw3/hw3/hw3_tests/CMakeFiles/CMakeTmp'
Makefile:126: recipe for target 'cmTC_2418f/fast' failed
make: *** [cmTC_2418f/fast] Error 2


Checking whether C++ compiler has '__int64' failed to compile with the following output:
Change Dir: /home/codio/workspace/hw3/hw3/hw3_tests/testing_utils/kwsys/CMakeFiles/CMakeTmp

Run Build Command:"/usr/bin/make" "cmTC_b7c40/fast"
/usr/bin/make -f CMakeFiles/cmTC_b7c40.dir/build.make CMakeFiles/cmTC_b7c40.dir/build
make[1]: Entering directory '/home/codio/workspace/hw3/hw3/hw3_tests/testing_utils/kwsys/CMakeFiles/CMakeTmp'
Building CXX object CMakeFiles/cmTC_b7c40.dir/kwsysPlatformTestsCXX.cxx.o
/usr/bin/c++  -DTEST_KWSYS_CXX_HAS___INT64  -Wall    -o CMakeFiles/cmTC_b7c40.dir/kwsysPlatformTestsCXX.cxx.o -c /home/codio/workspace/hw3/hw3/hw3_tests/testing_utils/kwsys/kwsysPlatformTestsCXX.cxx
/home/codio/workspace/hw3/hw3/hw3_tests/testing_utils/kwsys/kwsysPlatformTestsCXX.cxx:24:1: error: ‘__int64’ does not name a type; did you mean ‘__amd64’?
 __int64 f(__int64 n)
 ^~~~~~~
 __amd64
/home/codio/workspace/hw3/hw3/hw3_tests/testing_utils/kwsys/kwsysPlatformTestsCXX.cxx: In function ‘int main()’:
/home/codio/workspace/hw3/hw3/hw3_tests/testing_utils/kwsys/kwsysPlatformTestsCXX.cxx:30:3: error: ‘__int64’ was not declared in this scope
   __int64 n = 0;
   ^~~~~~~
/home/codio/workspace/hw3/hw3/hw3_tests/testing_utils/kwsys/kwsysPlatformTestsCXX.cxx:30:3: note: suggested alternative: ‘__amd64’
   __int64 n = 0;
   ^~~~~~~
   __amd64
/home/codio/workspace/hw3/hw3/hw3_tests/testing_utils/kwsys/kwsysPlatformTestsCXX.cxx:31:29: error: ‘n’ was not declared in this scope
   return static_cast<int>(f(n));
                             ^
/home/codio/workspace/hw3/hw3/hw3_tests/testing_utils/kwsys/kwsysPlatformTestsCXX.cxx:31:27: error: ‘f’ was not declared in this scope
   return static_cast<int>(f(n));
                           ^
CMakeFiles/cmTC_b7c40.dir/build.make:65: recipe for target 'CMakeFiles/cmTC_b7c40.dir/kwsysPlatformTestsCXX.cxx.o' failed
make[1]: *** [CMakeFiles/cmTC_b7c40.dir/kwsysPlatformTestsCXX.cxx.o] Error 1
make[1]: Leaving directory '/home/codio/workspace/hw3/hw3/hw3_tests/testing_utils/kwsys/CMakeFiles/CMakeTmp'
Makefile:126: recipe for target 'cmTC_b7c40/fast' failed
make: *** [cmTC_b7c40/fast] Error 2


Checking whether CXX compiler has environ in stdlib.h failed to compile with the following output:
Change Dir: /home/codio/workspace/hw3/hw3/hw3_tests/testing_utils/kwsys/CMakeFiles/CMakeTmp

Run Build Command:"/usr/bin/make" "cmTC_408c0/fast"
/usr/bin/make -f CMakeFiles/cmTC_408c0.dir/build.make CMakeFiles/cmTC_408c0.dir/build
make[1]: Entering directory '/home/codio/workspace/hw3/hw3/hw3_tests/testing_utils/kwsys/CMakeFiles/CMakeTmp'
Building CXX object CMakeFiles/cmTC_408c0.dir/kwsysPlatformTestsCXX.cxx.o
/usr/bin/c++  -DTEST_KWSYS_CXX_HAS_ENVIRON_IN_STDLIB_H  -Wall    -o CMakeFiles/cmTC_408c0.dir/kwsysPlatformTestsCXX.cxx.o -c /home/codio/workspace/hw3/hw3/hw3_tests/testing_utils/kwsys/kwsysPlatformTestsCXX.cxx
/home/codio/workspace/hw3/hw3/hw3_tests/testing_utils/kwsys/kwsysPlatformTestsCXX.cxx: In function ‘int main()’:
/home/codio/workspace/hw3/hw3/hw3_tests/testing_utils/kwsys/kwsysPlatformTestsCXX.cxx:196:13: error: ‘environ’ was not declared in this scope
   char* e = environ[0];
             ^~~~~~~
/home/codio/workspace/hw3/hw3/hw3_tests/testing_utils/kwsys/kwsysPlatformTestsCXX.cxx:196:13: note: suggested alternative: ‘union’
   char* e = environ[0];
             ^~~~~~~
             union
CMakeFiles/cmTC_408c0.dir/build.make:65: recipe for target 'CMakeFiles/cmTC_408c0.dir/kwsysPlatformTestsCXX.cxx.o' failed
make[1]: *** [CMakeFiles/cmTC_408c0.dir/kwsysPlatformTestsCXX.cxx.o] Error 1
make[1]: Leaving directory '/home/codio/workspace/hw3/hw3/hw3_tests/testing_utils/kwsys/CMakeFiles/CMakeTmp'
Makefile:126: recipe for target 'cmTC_408c0/fast' failed
make: *** [cmTC_408c0/fast] Error 2


Checking whether CXX compiler struct stat has st_mtimespec member failed to compile with the following output:
Change Dir: /home/codio/workspace/hw3/hw3/hw3_tests/testing_utils/kwsys/CMakeFiles/CMakeTmp

Run Build Command:"/usr/bin/make" "cmTC_37de4/fast"
/usr/bin/make -f CMakeFiles/cmTC_37de4.dir/build.make CMakeFiles/cmTC_37de4.dir/build
make[1]: Entering directory '/home/codio/workspace/hw3/hw3/hw3_tests/testing_utils/kwsys/CMakeFiles/CMakeTmp'
Building CXX object CMakeFiles/cmTC_37de4.dir/kwsysPlatformTestsCXX.cxx.o
/usr/bin/c++  -DTEST_KWSYS_CXX_STAT_HAS_ST_MTIMESPEC  -Wall    -o CMakeFiles/cmTC_37de4.dir/kwsysPlatformTestsCXX.cxx.o -c /home/codio/workspace/hw3/hw3/hw3_tests/testing_utils/kwsys/kwsysPlatformTestsCXX.cxx
/home/codio/workspace/hw3/hw3/hw3_tests/testing_utils/kwsys/kwsysPlatformTestsCXX.cxx: In function ‘int main()’:
/home/codio/workspace/hw3/hw3/hw3_tests/testing_utils/kwsys/kwsysPlatformTestsCXX.cxx:57:15: error: ‘struct stat’ has no member named ‘st_mtimespec’; did you mean ‘st_mtim’?
   (void)stat1.st_mtimespec.tv_sec;
               ^~~~~~~~~~~~
               st_mtim
/home/codio/workspace/hw3/hw3/hw3_tests/testing_utils/kwsys/kwsysPlatformTestsCXX.cxx:58:15: error: ‘struct stat’ has no member named ‘st_mtimespec’; did you mean ‘st_mtim’?
   (void)stat1.st_mtimespec.tv_nsec;
               ^~~~~~~~~~~~
               st_mtim
CMakeFiles/cmTC_37de4.dir/build.make:65: recipe for target 'CMakeFiles/cmTC_37de4.dir/kwsysPlatformTestsCXX.cxx.o' failed
make[1]: *** [CMakeFiles/cmTC_37de4.dir/kwsysPlatformTestsCXX.cxx.o] Error 1
make[1]: Leaving directory '/home/codio/workspace/hw3/hw3/hw3_tests/testing_utils/kwsys/CMakeFiles/CMakeTmp'
Makefile:126: recipe for target 'cmTC_37de4/fast' failed
make: *** [cmTC_37de4/fast] Error 2


